2015-11-18 02:07:36 DEBUG CategorizationApplicationObject:57 - Program start
2015-11-18 02:07:36 DEBUG CategorizationApplicationObject:60 - Uruchamiam zczytywanie artykolow z wikidumps (local)
2015-11-18 02:07:36 DEBUG ArticleReader:25 - Tworzenie lokalnego folderu /macierz/home/143365sk/KAW/1000articles
2015-11-18 02:07:36 DEBUG ArticleReader:40 - Udalo sie stworzyc folder /macierz/home/143365sk/KAW/1000articles
2015-11-18 02:07:36 DEBUG ArticleReader:44 - Rozpoczynam wczytywanie pliku /macierz/home/143365sk/KAW/plwiki-20151002-pages-articles2.xml
2015-11-18 02:07:36 DEBUG ArticleWikiHandler:84 - Liczba przetworzonych artykulow 0
2015-11-18 02:07:37 DEBUG ArticleWikiHandler:84 - Liczba przetworzonych artykulow 250
2015-11-18 02:07:37 DEBUG ArticleWikiHandler:84 - Liczba przetworzonych artykulow 500
2015-11-18 02:07:37 DEBUG ArticleWikiHandler:84 - Liczba przetworzonych artykulow 750
2015-11-18 02:07:38 DEBUG ArticleWikiHandler:84 - Liczba przetworzonych artykulow 1000
2015-11-18 02:07:38 DEBUG ArticleReader:50 - Liczba przetworzonych artykulow 1000
2015-11-18 02:07:38 DEBUG ArticleReader:51 - Zakonczylem wczytywanie pliku /macierz/home/143365sk/KAW/plwiki-20151002-pages-articles2.xml
2015-11-18 02:12:04 DEBUG CategorizationApplicationObject:57 - Program start
2015-11-18 02:12:04 DEBUG CategorizationApplicationObject:60 - Uruchamiam zczytywanie artykolow z wikidumps (local)
2015-11-18 02:12:04 DEBUG ArticleReader:25 - Tworzenie lokalnego folderu /macierz/home/143365sk/KAW/1000articles
2015-11-18 02:12:04 DEBUG ArticleReader:29 - Folder /macierz/home/143365sk/KAW/1000articles istnieje, usuwam z zawartoscia
2015-11-18 02:12:05 DEBUG ArticleReader:32 - Udalo sie stworzyc folder /macierz/home/143365sk/KAW/1000articles
2015-11-18 02:12:05 DEBUG ArticleReader:44 - Rozpoczynam wczytywanie pliku /macierz/home/143365sk/KAW/plwiki-20151002-pages-articles2.xml
2015-11-18 02:12:05 DEBUG ArticleWikiHandler:84 - Liczba przetworzonych artykulow 0
2015-11-18 02:12:05 DEBUG ArticleWikiHandler:84 - Liczba przetworzonych artykulow 250
2015-11-18 02:12:05 DEBUG ArticleWikiHandler:84 - Liczba przetworzonych artykulow 500
2015-11-18 02:12:06 DEBUG ArticleWikiHandler:84 - Liczba przetworzonych artykulow 750
2015-11-18 02:12:06 DEBUG ArticleWikiHandler:84 - Liczba przetworzonych artykulow 1000
2015-11-18 02:12:06 DEBUG ArticleReader:50 - Liczba przetworzonych artykulow 1000
2015-11-18 02:12:06 DEBUG ArticleReader:51 - Zakonczylem wczytywanie pliku /macierz/home/143365sk/KAW/plwiki-20151002-pages-articles2.xml
